[debug] [2020-02-17T13:31:56.726Z] ----------------------------------------------------------------------
[debug] [2020-02-17T13:31:56.728Z] Command:       C:\Program Files\nodejs\node.exe C:\Users\rajab\AppData\Roaming\npm\node_modules\firebase-tools\lib\bin\firebase.js deploy
[debug] [2020-02-17T13:31:56.728Z] CLI Version:   7.12.1
[debug] [2020-02-17T13:31:56.728Z] Platform:      win32
[debug] [2020-02-17T13:31:56.728Z] Node Version:  v12.14.0
[debug] [2020-02-17T13:31:56.729Z] Time:          Mon Feb 17 2020 19:01:56 GMT+0530 (India Standard Time)
[debug] [2020-02-17T13:31:56.729Z] ----------------------------------------------------------------------
[debug] [2020-02-17T13:31:56.729Z] 
[debug] [2020-02-17T13:31:56.748Z] > command requires scopes: ["email","openid","https://www.googleapis.com/auth/cloudplatformprojects.readonly","https://www.googleapis.com/auth/firebase","https://www.googleapis.com/auth/cloud-platform"]
[debug] [2020-02-17T13:31:56.749Z] > authorizing via signed-in user
[debug] [2020-02-17T13:31:56.749Z] [iam] checking project digiweb for permissions ["firebase.projects.get","firebasehosting.sites.update"]
[debug] [2020-02-17T13:31:56.751Z] > refreshing access token with scopes: ["email","https://www.googleapis.com/auth/cloud-platform","https://www.googleapis.com/auth/cloudplatformprojects.readonly","https://www.googleapis.com/auth/firebase","openid"]
[debug] [2020-02-17T13:31:56.751Z] >>> HTTP REQUEST POST https://www.googleapis.com/oauth2/v3/token  
 <request body omitted>
[debug] [2020-02-17T13:32:12.155Z] <<< HTTP RESPONSE 200
[debug] [2020-02-17T13:32:12.163Z] >>> HTTP REQUEST POST https://cloudresourcemanager.googleapis.com/v1/projects/digiweb:testIamPermissions  

[debug] [2020-02-17T13:32:33.308Z] [iam] error while checking permissions, command may fail: FirebaseError: Server Error. connect ETIMEDOUT 172.217.163.170:443
[debug] [2020-02-17T13:32:33.311Z] >>> HTTP REQUEST GET https://firebase.googleapis.com/v1beta1/projects/digiweb  
 
[debug] [2020-02-17T13:32:34.937Z] <<< HTTP RESPONSE 200
[info] 
[info] === Deploying to 'digiweb'...
[info] 
[info] i  deploying hosting
[debug] [2020-02-17T13:32:34.947Z] >>> HTTP REQUEST POST https://firebasehosting.googleapis.com/v1beta1/sites/digiweb/versions  

[debug] [2020-02-17T13:33:17.100Z] Error: connect ETIMEDOUT 216.58.200.138:443
    at TCPConnectWrap.afterConnect [as oncomplete] (net.js:1129:14)
[error] 
[error] Error: Server Error. connect ETIMEDOUT 216.58.200.138:443
